<?xml version="1.0" encoding="UTF-8"?>
<Site BuildName="(empty)"
	BuildStamp="20251025-0656-Experimental"
	Name="ucar-mini"
	Generator="ctest-3.21.4"
	CompilerName="/usr/bin/aarch64-linux-gnu-g++"
	CompilerVersion="7.5.0"
	OSName="Linux"
	Hostname="ucar-mini"
	OSRelease="4.9.140-tegra"
	OSVersion="#1 SMP PREEMPT Mon Dec 7 18:14:18 CST 2020"
	OSPlatform="aarch64"
	Is64Bits="1"
	VendorString=""
	VendorID="Unknown Manufacturer"
	FamilyID="8"
	ModelID="0"
	ProcessorCacheSize="0"
	NumberOfLogicalCPU="4"
	NumberOfPhysicalCPU="1"
	TotalVirtualMemory="1978"
	TotalPhysicalMemory="3956"
	LogicalProcessorsPerPhysical="4"
	ProcessorClockFrequency="0"
	>
	<Testing>
		<StartDateTime>Oct 25 15:57 CST</StartDateTime>
		<StartTestTime>1761379066</StartTestTime>
		<TestList/>
		<EndDateTime>Oct 25 15:57 CST</EndDateTime>
		<EndTestTime>1761379066</EndTestTime>
		<ElapsedMinutes>0</ElapsedMinutes>
	</Testing>
</Site>
